<?xml version="1.0" encoding="UTF-8"?>
<!-- Generated by org.testng.reporters.JUnitReportReporter -->
<testsuite hostname="Ahmad" failures="0" tests="1" name="ChromeDevToolsProtocol.ChromeDevTools.App" time="0.011" errors="0" timestamp="2025-02-06T17:05:24 EST" skipped="0">
  <testcase classname="ChromeDevToolsProtocol.ChromeDevTools.App" name="AppTest" time="0.011"/>
</testsuite> <!-- ChromeDevToolsProtocol.ChromeDevTools.App -->
