<?xml version="1.0" encoding="UTF-8"?>
<!-- Generated by org.testng.reporters.JUnitReportReporter -->
<testsuite hostname="Ahmad" failures="0" tests="1" name="ChromeDevToolsProtocol.ChromeDevTools.B_EmulateMobileOnWebpage" time="0.013" errors="0" timestamp="2025-02-09T13:28:24 EST" skipped="0">
  <testcase classname="ChromeDevToolsProtocol.ChromeDevTools.B_EmulateMobileOnWebpage" name="emulateMobileOnWeb" time="0.013"/>
</testsuite> <!-- ChromeDevToolsProtocol.ChromeDevTools.B_EmulateMobileOnWebpage -->
